Traceback (most recent call last):
  File "<frozen runpy>", line 198, in _run_module_as_main
  File "<frozen runpy>", line 88, in _run_code
  File "C:\Users\WaelAshrafIGRCSQUARE\Desktop\EyeGuard\eyeguard\backend\.venv\Lib\site-packages\uvicorn\__main__.py", line 4, in <module>
    uvicorn.main()
  File "C:\Users\WaelAshrafIGRCSQUARE\Desktop\EyeGuard\eyeguard\backend\.venv\Lib\site-packages\click\core.py", line 1462, in __call__
    return self.main(*args, **kwargs)
           ^^^^^^^^^^^^^^^^^^^^^^^^^^
  File "C:\Users\WaelAshrafIGRCSQUARE\Desktop\EyeGuard\eyeguard\backend\.venv\Lib\site-packages\click\core.py", line 1383, in main
    rv = self.invoke(ctx)
         ^^^^^^^^^^^^^^^^
  File "C:\Users\WaelAshrafIGRCSQUARE\Desktop\EyeGuard\eyeguard\backend\.venv\Lib\site-packages\click\core.py", line 1246, in invoke
    return ctx.invoke(self.callback, **ctx.params)
           ^^^^^^^^^^^^^^^^^^^^^^^^^^^^^^^^^^^^^^^
  File "C:\Users\WaelAshrafIGRCSQUARE\Desktop\EyeGuard\eyeguard\backend\.venv\Lib\site-packages\click\core.py", line 814, in invoke
    return callback(*args, **kwargs)
           ^^^^^^^^^^^^^^^^^^^^^^^^^
  File "C:\Users\WaelAshrafIGRCSQUARE\Desktop\EyeGuard\eyeguard\backend\.venv\Lib\site-packages\uvicorn\main.py", line 418, in main
    run(
  File "C:\Users\WaelAshrafIGRCSQUARE\Desktop\EyeGuard\eyeguard\backend\.venv\Lib\site-packages\uvicorn\main.py", line 587, in run
    server.run()
  File "C:\Users\WaelAshrafIGRCSQUARE\Desktop\EyeGuard\eyeguard\backend\.venv\Lib\site-packages\uvicorn\server.py", line 62, in run
    return asyncio.run(self.serve(sockets=sockets))
           ^^^^^^^^^^^^^^^^^^^^^^^^^^^^^^^^^^^^^^^^
  File "C:\Program Files\WindowsApps\PythonSoftwareFoundation.Python.3.11_3.11.2544.0_x64__qbz5n2kfra8p0\Lib\asyncio\runners.py", line 190, in run
    return runner.run(main)
           ^^^^^^^^^^^^^^^^
  File "C:\Program Files\WindowsApps\PythonSoftwareFoundation.Python.3.11_3.11.2544.0_x64__qbz5n2kfra8p0\Lib\asyncio\runners.py", line 118, in run
    return self._loop.run_until_complete(task)
           ^^^^^^^^^^^^^^^^^^^^^^^^^^^^^^^^^^^
  File "C:\Program Files\WindowsApps\PythonSoftwareFoundation.Python.3.11_3.11.2544.0_x64__qbz5n2kfra8p0\Lib\asyncio\base_events.py", line 654, in run_until_complete
    return future.result()
           ^^^^^^^^^^^^^^^
  File "C:\Users\WaelAshrafIGRCSQUARE\Desktop\EyeGuard\eyeguard\backend\.venv\Lib\site-packages\uvicorn\server.py", line 69, in serve
    config.load()
  File "C:\Users\WaelAshrafIGRCSQUARE\Desktop\EyeGuard\eyeguard\backend\.venv\Lib\site-packages\uvicorn\config.py", line 458, in load
    self.loaded_app = import_from_string(self.app)
                      ^^^^^^^^^^^^^^^^^^^^^^^^^^^^
  File "C:\Users\WaelAshrafIGRCSQUARE\Desktop\EyeGuard\eyeguard\backend\.venv\Lib\site-packages\uvicorn\importer.py", line 24, in import_from_string
    raise exc from None
  File "C:\Users\WaelAshrafIGRCSQUARE\Desktop\EyeGuard\eyeguard\backend\.venv\Lib\site-packages\uvicorn\importer.py", line 21, in import_from_string
    module = importlib.import_module(module_str)
             ^^^^^^^^^^^^^^^^^^^^^^^^^^^^^^^^^^^
  File "C:\Program Files\WindowsApps\PythonSoftwareFoundation.Python.3.11_3.11.2544.0_x64__qbz5n2kfra8p0\Lib\importlib\__init__.py", line 126, in import_module
    return _bootstrap._gcd_import(name[level:], package, level)
           ^^^^^^^^^^^^^^^^^^^^^^^^^^^^^^^^^^^^^^^^^^^^^^^^^^^^
  File "<frozen importlib._bootstrap>", line 1204, in _gcd_import
  File "<frozen importlib._bootstrap>", line 1176, in _find_and_load
  File "<frozen importlib._bootstrap>", line 1147, in _find_and_load_unlocked
  File "<frozen importlib._bootstrap>", line 690, in _load_unlocked
  File "<frozen importlib._bootstrap_external>", line 940, in exec_module
  File "<frozen importlib._bootstrap>", line 241, in _call_with_frames_removed
  File "C:\Users\WaelAshrafIGRCSQUARE\Desktop\EyeGuard\eyeguard\backend\app.py", line 8, in <module>
    from .config import get_settings
ModuleNotFoundError: No module named 'backend.config'
